<!DOCTYPE suite SYSTEM "http://testng.org/testng-1.0.dtd">
<suite name="Login suite" parallel="classes" thread-count="11">
    <test name="login tests">
        <classes>
            <class name="BaseTest"></class>
        </classes>
    </test>
</suite>